<?xml version="1.0" encoding="UTF-8"?>
<testsuite xmlns:xsi="http://www.w3.org/2001/XMLSchema-instance" xsi:noNamespaceSchemaLocation="https://maven.apache.org/surefire/maven-surefire-plugin/xsd/surefire-test-report.xsd" name="prova.pit.hom.TriangleTest" time="0.057" tests="12" errors="0" skipped="0" failures="0">
  <properties>
    <property name="awt.toolkit" value="sun.awt.X11.XToolkit"/>
    <property name="java.specification.version" value="12"/>
    <property name="sun.jnu.encoding" value="UTF-8"/>
    <property name="java.class.path" value="/home/sofia/Scrivania/ProvaPit-HOM/target/test-classes:/home/sofia/Scrivania/ProvaPit-HOM/target/classes:/home/sofia/.m2/repository/org/junit/platform/junit-platform-launcher/1.6.2/junit-platform-launcher-1.6.2.jar:/home/sofia/.m2/repository/org/apiguardian/apiguardian-api/1.1.0/apiguardian-api-1.1.0.jar:/home/sofia/.m2/repository/org/junit/platform/junit-platform-engine/1.6.2/junit-platform-engine-1.6.2.jar:/home/sofia/.m2/repository/org/opentest4j/opentest4j/1.2.0/opentest4j-1.2.0.jar:/home/sofia/.m2/repository/org/junit/platform/junit-platform-commons/1.6.2/junit-platform-commons-1.6.2.jar:/home/sofia/.m2/repository/org/junit/jupiter/junit-jupiter-engine/5.6.2/junit-jupiter-engine-5.6.2.jar:/home/sofia/.m2/repository/org/junit/jupiter/junit-jupiter-api/5.6.2/junit-jupiter-api-5.6.2.jar:/home/sofia/.m2/repository/org/junit/vintage/junit-vintage-engine/5.6.2/junit-vintage-engine-5.6.2.jar:/home/sofia/.m2/repository/junit/junit/4.13/junit-4.13.jar:/home/sofia/.m2/repository/org/hamcrest/hamcrest-core/1.3/hamcrest-core-1.3.jar:/home/sofia/.m2/repository/org/assertj/assertj-core/3.16.1/assertj-core-3.16.1.jar:/home/sofia/.m2/repository/org/pitest/pitest-junit5-plugin/0.12/pitest-junit5-plugin-0.12.jar:"/>
    <property name="java.vm.vendor" value="Oracle Corporation"/>
    <property name="sun.arch.data.model" value="64"/>
    <property name="java.vendor.url" value="https://java.oracle.com/"/>
    <property name="os.name" value="Linux"/>
    <property name="java.vm.specification.version" value="12"/>
    <property name="sun.java.launcher" value="SUN_STANDARD"/>
    <property name="user.country" value="IT"/>
    <property name="sun.boot.library.path" value="/home/sofia/jdk-12/lib"/>
    <property name="sun.java.command" value="/home/sofia/Scrivania/ProvaPit-HOM/target/surefire/surefirebooter9692136811607723353.jar /home/sofia/Scrivania/ProvaPit-HOM/target/surefire 2020-07-04T09-33-36_917-jvmRun1 surefire2246161972544935865tmp surefire_01063764599913627987tmp"/>
    <property name="jdk.debug" value="release"/>
    <property name="surefire.test.class.path" value="/home/sofia/Scrivania/ProvaPit-HOM/target/test-classes:/home/sofia/Scrivania/ProvaPit-HOM/target/classes:/home/sofia/.m2/repository/org/junit/platform/junit-platform-launcher/1.6.2/junit-platform-launcher-1.6.2.jar:/home/sofia/.m2/repository/org/apiguardian/apiguardian-api/1.1.0/apiguardian-api-1.1.0.jar:/home/sofia/.m2/repository/org/junit/platform/junit-platform-engine/1.6.2/junit-platform-engine-1.6.2.jar:/home/sofia/.m2/repository/org/opentest4j/opentest4j/1.2.0/opentest4j-1.2.0.jar:/home/sofia/.m2/repository/org/junit/platform/junit-platform-commons/1.6.2/junit-platform-commons-1.6.2.jar:/home/sofia/.m2/repository/org/junit/jupiter/junit-jupiter-engine/5.6.2/junit-jupiter-engine-5.6.2.jar:/home/sofia/.m2/repository/org/junit/jupiter/junit-jupiter-api/5.6.2/junit-jupiter-api-5.6.2.jar:/home/sofia/.m2/repository/org/junit/vintage/junit-vintage-engine/5.6.2/junit-vintage-engine-5.6.2.jar:/home/sofia/.m2/repository/junit/junit/4.13/junit-4.13.jar:/home/sofia/.m2/repository/org/hamcrest/hamcrest-core/1.3/hamcrest-core-1.3.jar:/home/sofia/.m2/repository/org/assertj/assertj-core/3.16.1/assertj-core-3.16.1.jar:/home/sofia/.m2/repository/org/pitest/pitest-junit5-plugin/0.12/pitest-junit5-plugin-0.12.jar:"/>
    <property name="sun.cpu.endian" value="little"/>
    <property name="user.home" value="/home/sofia"/>
    <property name="user.language" value="it"/>
    <property name="java.specification.vendor" value="Oracle Corporation"/>
    <property name="java.version.date" value="2019-03-19"/>
    <property name="java.home" value="/home/sofia/jdk-12"/>
    <property name="file.separator" value="/"/>
    <property name="basedir" value="/home/sofia/Scrivania/ProvaPit-HOM"/>
    <property name="java.vm.compressedOopsMode" value="32-bit"/>
    <property name="line.separator" value="&#10;"/>
    <property name="java.vm.specification.vendor" value="Oracle Corporation"/>
    <property name="java.specification.name" value="Java Platform API Specification"/>
    <property name="java.awt.graphicsenv" value="sun.awt.X11GraphicsEnvironment"/>
    <property name="idea.version2020.1.2" value="true"/>
    <property name="surefire.real.class.path" value="/home/sofia/Scrivania/ProvaPit-HOM/target/surefire/surefirebooter9692136811607723353.jar"/>
    <property name="sun.management.compiler" value="HotSpot 64-Bit Tiered Compilers"/>
    <property name="java.runtime.version" value="12+32"/>
    <property name="user.name" value="sofia"/>
    <property name="path.separator" value=":"/>
    <property name="os.version" value="4.15.0-109-generic"/>
    <property name="java.runtime.name" value="OpenJDK Runtime Environment"/>
    <property name="file.encoding" value="UTF-8"/>
    <property name="java.vm.name" value="OpenJDK 64-Bit Server VM"/>
    <property name="localRepository" value="/home/sofia/.m2/repository"/>
    <property name="java.vendor.url.bug" value="https://bugreport.java.com/bugreport/"/>
    <property name="java.io.tmpdir" value="/tmp"/>
    <property name="java.version" value="12"/>
    <property name="user.dir" value="/home/sofia/Scrivania/ProvaPit-HOM"/>
    <property name="os.arch" value="amd64"/>
    <property name="java.vm.specification.name" value="Java Virtual Machine Specification"/>
    <property name="java.library.path" value="/usr/java/packages/lib:/usr/lib64:/lib64:/lib:/usr/lib"/>
    <property name="java.vm.info" value="mixed mode, sharing"/>
    <property name="java.vendor" value="Oracle Corporation"/>
    <property name="java.vm.version" value="12+32"/>
    <property name="sun.io.unicode.encoding" value="UnicodeLittle"/>
    <property name="java.class.version" value="56.0"/>
  </properties>
  <testcase name="testInvalidNeg1" classname="prova.pit.hom.TriangleTest" time="0.044"/>
  <testcase name="testInvalidNeg2" classname="prova.pit.hom.TriangleTest" time="0"/>
  <testcase name="testInvalidNeg3" classname="prova.pit.hom.TriangleTest" time="0"/>
  <testcase name="testEquilateral" classname="prova.pit.hom.TriangleTest" time="0"/>
  <testcase name="test1" classname="prova.pit.hom.TriangleTest" time="0"/>
  <testcase name="testIsosceles1" classname="prova.pit.hom.TriangleTest" time="0"/>
  <testcase name="testIsosceles2" classname="prova.pit.hom.TriangleTest" time="0"/>
  <testcase name="testIsosceles3" classname="prova.pit.hom.TriangleTest" time="0"/>
  <testcase name="testInvalid1" classname="prova.pit.hom.TriangleTest" time="0"/>
  <testcase name="testInvalid2" classname="prova.pit.hom.TriangleTest" time="0.001"/>
  <testcase name="testInvalid3" classname="prova.pit.hom.TriangleTest" time="0"/>
  <testcase name="testInvalid" classname="prova.pit.hom.TriangleTest" time="0"/>
</testsuite>